SF:lib\Validations.dart
DA:6,2
DA:7,2
DA:10,2
DA:11,2
DA:12,0
DA:17,1
DA:18,1
DA:21,1
DA:22,2
DA:29,0
DA:30,0
DA:33,0
DA:34,0
DA:35,0
DA:44,1
DA:45,1
DA:50,1
DA:53,2
DA:59,1
DA:60,1
DA:70,1
DA:71,1
DA:75,2
DA:82,1
DA:83,1
DA:86,1
DA:89,1
DA:90,1
DA:97,1
DA:98,1
DA:101,1
DA:104,1
DA:105,1
DA:112,1
DA:113,1
DA:116,1
DA:125,1
DA:126,1
DA:129,1
DA:133,1
DA:134,1
DA:140,1
DA:141,1
DA:146,1
DA:149,2
DA:155,1
DA:156,1
DA:164,0
DA:165,0
DA:168,0
LF:50
LH:41
end_of_record
SF:lib\RegisterUsers\ApiServices_Users.dart
DA:7,2
DA:8,4
DA:9,0
DA:10,0
DA:12,0
DA:16,0
DA:17,0
DA:18,0
DA:19,0
DA:22,0
DA:25,0
DA:26,0
LF:12
LH:2
end_of_record
